	Babylon.js Exporter version: 1.5.0, Blender version: 2.73 (sub 0)
========= Conversion from Blender to Babylon.js =========
	Python World class constructor completed
	processing begun of material:  longBow2.Black_Gloss
	processing begun of material:  longBow2.Material
	processing begun of material:  longBow2.Wood
	Diffuse texture found
	processing begun of skeleton:  Armature, id:  0
	processing begun of bone:  Bone.004, index:  0
	animation begun of bone:  Bone.004
	processing begun of bone:  Bone.005, index:  1
	animation begun of bone:  Bone.005
	processing begun of bone:  Bone.006, index:  2
	animation begun of bone:  Bone.006
	processing begun of bone:  Bone.007, index:  3
	animation begun of bone:  Bone.007
	processing begun of bone:  Bone.008, index:  4
	animation begun of bone:  Bone.008
	processing begun of bone:  Bone.009, index:  5
	animation begun of bone:  Bone.009
	processing begun of bone:  Bone.010, index:  6
	animation begun of bone:  Bone.010
	processing begun of bone:  Bone.011, index:  7
	animation begun of bone:  Bone.011
	processing begun of bone:  Bone, index:  8
	animation begun of bone:  Bone
	processing complete of skeleton:  Armature
	processing begun of mesh:  LongBow
		processing begun of multimaterial:  longBow2.Multimaterial#0
		num positions      :  4656
		num normals        :  4656
		num uvs            :  9312
		num uvs2           :  0
		num colors         :  0
		num indices        :  4656
		num skeletonWeights:  18624
		num skeletonIndices:  18624
	processing begun of camera (FreeCamera):  Camera
	processing begun of light (POINT):  Lamp
========= Writing of scene file started =========
========= Writing of scene file completed =========
========= end of processing =========
