	Babylon.js Exporter version: 1.5.0, Blender version: 2.73 (sub 0)
========= Conversion from Blender to Babylon.js =========
	Python World class constructor completed
	processing begun of material:  tree_01.Material.001
	Diffuse texture found
	processing begun of material:  tree_01.Material.002
	Diffuse texture found
	processing begun of mesh:  Leaves.002
		num positions      :  120
		num normals        :  120
		num uvs            :  240
		num uvs2           :  0
		num colors         :  0
		num indices        :  642
	processing begun of mesh:  Leaves.001
		num positions      :  120
		num normals        :  120
		num uvs            :  240
		num uvs2           :  0
		num colors         :  0
		num indices        :  642
	processing begun of mesh:  Leaves
		num positions      :  120
		num normals        :  120
		num uvs            :  240
		num uvs2           :  0
		num colors         :  0
		num indices        :  642
	processing begun of mesh:  Trunk
		num positions      :  243
		num normals        :  243
		num uvs            :  486
		num uvs2           :  0
		num colors         :  0
		num indices        :  1152
	processing begun of camera (FreeCamera):  Camera
	processing begun of light (SUN):  Lamp.001
	processing begun of light (SUN):  Lamp
========= Writing of scene file started =========
========= Writing of scene file completed =========
========= end of processing =========
