	Babylon.js Exporter version: 1.5.0, Blender version: 2.73 (sub 0)
========= Conversion from Blender to Babylon.js =========
	Python World class constructor completed
	processing begun of material:  arrow_wood_01.FletchingRed
	processing begun of material:  arrow_wood_01.Material.001
	processing begun of material:  arrow_wood_01.Steel
	processing begun of material:  arrow_wood_01.Wood.001
	processing begun of mesh:  imposterTip
		WARNING:  No materials have been assigned: 
		num positions      :  8
		num normals        :  8
		num uvs            :  0
		num uvs2           :  0
		num colors         :  0
		num indices        :  36
	processing begun of camera (FreeCamera):  Camera
	WARNING: The following armature not visible in scene thus ignored: Armature
	processing begun of mesh:  Arrrow
		processing begun of multimaterial:  arrow_wood_01.Multimaterial#0
		num positions      :  828
		num normals        :  828
		num uvs            :  0
		num uvs2           :  0
		num colors         :  0
		num indices        :  828
		num skeletonWeights:  3312
		num skeletonIndices:  3312
	processing begun of light (POINT):  Lamp
========= Writing of scene file started =========
========= Writing of scene file completed =========
========= end of processing =========
