	Babylon.js Exporter version: 1.5.0, Blender version: 2.73 (sub 0)
========= Conversion from Blender to Babylon.js =========
	Python World class constructor completed
	processing begun of material:  arrow_wood.FletchingRed
	processing begun of material:  arrow_wood.Material
	processing begun of material:  arrow_wood.Steel
	processing begun of material:  arrow_wood.Wood
	processing begun of mesh:  Arrrow
		processing begun of multimaterial:  arrow_wood.Multimaterial#0
		num positions      :  192
		num normals        :  192
		num uvs            :  0
		num uvs2           :  0
		num colors         :  0
		num indices        :  900
	processing begun of camera (FreeCamera):  Camera
	processing begun of light (POINT):  Lamp
========= Writing of scene file started =========
========= Writing of scene file completed =========
========= end of processing =========
