	Exporter version: 4.6.1, Blender version: 2.78 (sub 0)
========= Conversion from Blender to Babylon.js =========
	Scene settings used:
		selected layers only:  false
		flat shading entire scene:  false
		inline textures:  false
		texture directory:  C:\GitHub\ArcheryChallenge\Assets\
	Python World class constructor completed
	processing begun of skeleton:  Armature, id:  0
		processing begun of bone:  Bone, index:  0
		processing action ArmatureAction:  in[0 - 40], out[0 - 40]
	processing begun of mesh:  GateSlant.002
		processing begun of Standard material:  Material.002
			Diffuse texture found "Texture.003"
				Image texture found, type:  diffuseTexture, mapped using: "UVMap"
		num positions      :  152
		num normals        :  152
		num uvs            :  304
		num uvs2           :  0
		num colors         :  0
		num indices        :  336
		Skeleton stats:  
			Total Influencers:  152
			Avg # of influencers per vertex:  1
			Highest # of influencers observed:  1, num vertices with this:  152
			exported as 1 influencers
			num skeletonWeights and skeletonIndices:  608
	processing begun of mesh:  GateLeft
		registered as also a user of material:  Material.002
		num positions      :  163
		num normals        :  163
		num uvs            :  326
		num uvs2           :  0
		num colors         :  0
		num indices        :  336
		Skeleton stats:  
			Total Influencers:  163
			Avg # of influencers per vertex:  1
			Highest # of influencers observed:  1, num vertices with this:  163
			exported as 1 influencers
			num skeletonWeights and skeletonIndices:  652
	processing begun of mesh:  GateRight
		registered as also a user of material:  Material.002
		num positions      :  163
		num normals        :  163
		num uvs            :  326
		num uvs2           :  0
		num colors         :  0
		num indices        :  336
		Skeleton stats:  
			Total Influencers:  163
			Avg # of influencers per vertex:  1
			Highest # of influencers observed:  1, num vertices with this:  163
			exported as 1 influencers
			num skeletonWeights and skeletonIndices:  652
	processing begun of mesh:  Gatelant.001
		registered as also a user of material:  Material.002
		num positions      :  152
		num normals        :  152
		num uvs            :  304
		num uvs2           :  0
		num colors         :  0
		num indices        :  336
		Skeleton stats:  
			Total Influencers:  152
			Avg # of influencers per vertex:  1
			Highest # of influencers observed:  1, num vertices with this:  152
			exported as 1 influencers
			num skeletonWeights and skeletonIndices:  608
	processing begun of mesh:  GateTop
		registered as also a user of material:  Material.002
		num positions      :  164
		num normals        :  164
		num uvs            :  328
		num uvs2           :  0
		num colors         :  0
		num indices        :  336
		Skeleton stats:  
			Total Influencers:  164
			Avg # of influencers per vertex:  1
			Highest # of influencers observed:  1, num vertices with this:  164
			exported as 1 influencers
			num skeletonWeights and skeletonIndices:  656
	processing begun of mesh:  GateBottom
		registered as also a user of material:  Material.002
		num positions      :  164
		num normals        :  164
		num uvs            :  328
		num uvs2           :  0
		num colors         :  0
		num indices        :  336
		Skeleton stats:  
			Total Influencers:  164
			Avg # of influencers per vertex:  1
			Highest # of influencers observed:  1, num vertices with this:  164
			exported as 1 influencers
			num skeletonWeights and skeletonIndices:  656
	processing begun of mesh:  GatePost
		processing begun of Standard material:  Material
			Diffuse texture found "Texture"
				Image texture found, type:  diffuseTexture, mapped using: "UVMap"
		num positions      :  189
		num normals        :  189
		num uvs            :  378
		num uvs2           :  0
		num colors         :  0
		num indices        :  798
	processing begun of mesh:  GatePost.001
		registered as also a user of material:  Material
		num positions      :  188
		num normals        :  188
		num uvs            :  376
		num uvs2           :  0
		num colors         :  0
		num indices        :  798
	processing begun of camera (FreeCamera):  Camera
	processing begun of light (SUN):  Lamp.001
	processing begun of light (SUN):  Lamp
========= Writing of scene file started =========
========= Writing of scene file completed =========
========= end of processing =========
elapsed time:  0 min, 0.224 secs
