	Exporter version: 4.6.1, Blender version: 2.78 (sub 0)
========= Conversion from Blender to Babylon.js =========
	Scene settings used:
		selected layers only:  false
		flat shading entire scene:  false
		inline textures:  false
		texture directory:  C:\GitHub\ArcheryChallenge\Assets\
	Python World class constructor completed
	processing begun of mesh:  Grid.001
		processing begun of Standard material:  mat_terrain
			Diffuse texture found "text_base_grass"
				Image texture found, type:  diffuseTexture, mapped using: "UVMap"
		num positions      :  664
		num normals        :  664
		num uvs            :  1328
		num uvs2           :  0
		num colors         :  0
		num indices        :  3348
	processing begun of camera (FreeCamera):  Camera
	processing begun of light (SUN):  Lamp.001
	processing begun of light (SUN):  Lamp
========= Writing of scene file started =========
========= Writing of scene file completed =========
========= end of processing =========
elapsed time:  0 min, 0.135 secs
