	Exporter version: 4.6.1, Blender version: 2.78 (sub 0)
========= Conversion from Blender to Babylon.js =========
	Scene settings used:
		selected layers only:  false
		flat shading entire scene:  false
		inline textures:  false
		texture directory:  C:\GitHub\ArcheryChallenge\Assets\
	Python World class constructor completed
	processing begun of mesh:  Grid
		processing begun of baked material:  Grid
			Internal baking texture, type: TEXTURE, mapped using: UVMap
		num positions      :  1904
		num normals        :  1904
		num uvs            :  3808
		num uvs2           :  0
		num colors         :  0
		num indices        :  9156
	processing begun of camera (FreeCamera):  Camera
	processing begun of light (SUN):  Lamp.001
	processing begun of light (SUN):  Lamp
========= Writing of scene file started =========
========= Writing of scene file completed =========
========= end of processing =========
elapsed time:  2 min, 49.2839 secs
