	Exporter version: 4.6.1, Blender version: 2.78 (sub 0)
========= Conversion from Blender to Babylon.js =========
	Scene settings used:
		selected layers only:  false
		flat shading entire scene:  false
		inline textures:  false
		texture directory:  C:\GitHub\ArcheryChallenge\Assets\
	Python World class constructor completed
	processing begun of mesh:  imposter_bridge.001
		WARNING: No materials have been assigned: 
		num positions      :  4
		num normals        :  4
		num uvs            :  0
		num uvs2           :  0
		num colors         :  0
		num indices        :  6
	processing begun of mesh:  imposter_bridge
		WARNING: No materials have been assigned: 
		num positions      :  100
		num normals        :  100
		num uvs            :  0
		num uvs2           :  0
		num colors         :  0
		num indices        :  486
	processing begun of mesh:  bridge_plank.013
		processing begun of Standard material:  Wood
		num positions      :  8
		num normals        :  8
		num uvs            :  0
		num uvs2           :  0
		num colors         :  0
		num indices        :  36
	processing begun of mesh:  bridge_plank.012
		registered as also a user of material:  Wood
		num positions      :  8
		num normals        :  8
		num uvs            :  0
		num uvs2           :  0
		num colors         :  0
		num indices        :  36
	processing begun of mesh:  bridge_plank.011
		registered as also a user of material:  Wood
		num positions      :  8
		num normals        :  8
		num uvs            :  0
		num uvs2           :  0
		num colors         :  0
		num indices        :  36
	processing begun of mesh:  bridge_plank.010
		registered as also a user of material:  Wood
		num positions      :  8
		num normals        :  8
		num uvs            :  0
		num uvs2           :  0
		num colors         :  0
		num indices        :  36
	processing begun of mesh:  bridge_plank.009
		registered as also a user of material:  Wood
		num positions      :  8
		num normals        :  8
		num uvs            :  0
		num uvs2           :  0
		num colors         :  0
		num indices        :  36
	processing begun of mesh:  bridge_plank.008
		registered as also a user of material:  Wood
		num positions      :  8
		num normals        :  8
		num uvs            :  0
		num uvs2           :  0
		num colors         :  0
		num indices        :  36
	processing begun of mesh:  bridge_plank.007
		registered as also a user of material:  Wood
		num positions      :  8
		num normals        :  8
		num uvs            :  0
		num uvs2           :  0
		num colors         :  0
		num indices        :  36
	processing begun of mesh:  bridge_plank.006
		registered as also a user of material:  Wood
		num positions      :  8
		num normals        :  8
		num uvs            :  0
		num uvs2           :  0
		num colors         :  0
		num indices        :  36
	processing begun of mesh:  bridge_plank.005
		registered as also a user of material:  Wood
		num positions      :  8
		num normals        :  8
		num uvs            :  0
		num uvs2           :  0
		num colors         :  0
		num indices        :  36
	processing begun of mesh:  bridge_plank.004
		registered as also a user of material:  Wood
		num positions      :  8
		num normals        :  8
		num uvs            :  0
		num uvs2           :  0
		num colors         :  0
		num indices        :  36
	processing begun of mesh:  bridge_plank.003
		registered as also a user of material:  Wood
		num positions      :  8
		num normals        :  8
		num uvs            :  0
		num uvs2           :  0
		num colors         :  0
		num indices        :  36
	processing begun of mesh:  bridge_plank.002
		registered as also a user of material:  Wood
		num positions      :  8
		num normals        :  8
		num uvs            :  0
		num uvs2           :  0
		num colors         :  0
		num indices        :  36
	processing begun of mesh:  bridge_plank.001
		registered as also a user of material:  Wood
		num positions      :  8
		num normals        :  8
		num uvs            :  0
		num uvs2           :  0
		num colors         :  0
		num indices        :  36
	processing begun of mesh:  bridge_rope.004
		registered as also a user of material:  Wood
		num positions      :  96
		num normals        :  96
		num uvs            :  0
		num uvs2           :  0
		num colors         :  0
		num indices        :  546
	processing begun of mesh:  bridge_rope.003
		registered as also a user of material:  Wood
		num positions      :  96
		num normals        :  96
		num uvs            :  0
		num uvs2           :  0
		num colors         :  0
		num indices        :  546
	processing begun of mesh:  bridge_rope.002
		registered as also a user of material:  Wood
		num positions      :  96
		num normals        :  96
		num uvs            :  0
		num uvs2           :  0
		num colors         :  0
		num indices        :  546
	processing begun of mesh:  bridge_rope.001
		registered as also a user of material:  Wood
		num positions      :  96
		num normals        :  96
		num uvs            :  0
		num uvs2           :  0
		num colors         :  0
		num indices        :  546
	processing begun of mesh:  bridge_post.004
		registered as also a user of material:  Wood
		num positions      :  97
		num normals        :  97
		num uvs            :  0
		num uvs2           :  0
		num colors         :  0
		num indices        :  570
	processing begun of mesh:  bridge_post.003
		registered as also a user of material:  Wood
		num positions      :  97
		num normals        :  97
		num uvs            :  0
		num uvs2           :  0
		num colors         :  0
		num indices        :  570
	processing begun of mesh:  bridge_post.002
		registered as also a user of material:  Wood
		num positions      :  183
		num normals        :  183
		num uvs            :  366
		num uvs2           :  0
		num colors         :  0
		num indices        :  570
	processing begun of mesh:  bridge_post.001
		registered as also a user of material:  Wood
		num positions      :  97
		num normals        :  97
		num uvs            :  0
		num uvs2           :  0
		num colors         :  0
		num indices        :  570
	processing begun of mesh:  Island
		processing begun of baked material:  Island
			Internal baking texture, type: TEXTURE, mapped using: UVMap
		num positions      :  408
		num normals        :  408
		num uvs            :  816
		num uvs2           :  0
		num colors         :  0
		num indices        :  2298
	processing begun of mesh:  CloudPlane
		processing begun of Standard material:  Material
			Diffuse texture found "Texture.004"
				Image texture found, type:  diffuseTexture, mapped using: "UVMap"
		num positions      :  361
		num normals        :  361
		num uvs            :  722
		num uvs2           :  0
		num colors         :  0
		num indices        :  1944
	processing begun of mesh:  Terrain
		processing begun of baked material:  Terrain
			Internal baking texture, type: TEXTURE, mapped using: UVMap
		num positions      :  3368
		num normals        :  3368
		num uvs            :  6736
		num uvs2           :  0
		num colors         :  0
		num indices        :  19776
	processing begun of camera (FreeCamera):  Camera
	processing begun of light (SUN):  Lamp.002
	processing begun of light (SUN):  Lamp.001
	processing begun of light (SUN):  Lamp
========= Writing of scene file started =========
========= Writing of scene file completed =========
========= end of processing =========
elapsed time:  0 min, 29.9488 secs
