	Babylon.js Exporter version: 1.5.0, Blender version: 2.73 (sub 0)
========= Conversion from Blender to Babylon.js =========
	Python World class constructor completed
	processing begun of material:  tree_03.Material
	Diffuse texture found
Error encountered processing image file:  C:\GitHub\ArcheryChallenge\Assets\texture_TreeLeaves-02.jpg, Error:  'C:\\GitHub\\ArcheryChallenge\\Assets\\texture_TreeLeaves-02.jpg' and 'C:\\GitHub\\ArcheryChallenge\\Assets\\texture_TreeLeaves-02.jpg' are the same file
	processing begun of material:  tree_03.Material.001
	Diffuse texture found
	processing begun of mesh:  Leaves.003
		num positions      :  225
		num normals        :  225
		num uvs            :  450
		num uvs2           :  0
		num colors         :  0
		num indices        :  882
	processing begun of mesh:  Leaves.002
		num positions      :  210
		num normals        :  210
		num uvs            :  420
		num uvs2           :  0
		num colors         :  0
		num indices        :  882
	processing begun of mesh:  Leaves.001
		num positions      :  238
		num normals        :  238
		num uvs            :  476
		num uvs2           :  0
		num colors         :  0
		num indices        :  1074
	processing begun of mesh:  Leaves
		num positions      :  290
		num normals        :  290
		num uvs            :  580
		num uvs2           :  0
		num colors         :  0
		num indices        :  1344
	processing begun of mesh:  Trunk
		num positions      :  366
		num normals        :  366
		num uvs            :  732
		num uvs2           :  0
		num colors         :  0
		num indices        :  1836
	processing begun of camera (FreeCamera):  Camera
	processing begun of light (SUN):  Lamp.001
	processing begun of light (SUN):  Lamp
========= Writing of scene file started =========
========= Writing of scene file completed =========
========= end of processing =========
