	Babylon.js Exporter version: 1.5.0, Blender version: 2.73 (sub 0)
========= Conversion from Blender to Babylon.js =========
	Python World class constructor completed
	processing begun of material:  tree_04.Material
	Diffuse texture found
Error encountered processing image file:  C:\GitHub\ArcheryChallenge\Assets\texture_TreeLeaves-02.jpg, Error:  'C:\\GitHub\\ArcheryChallenge\\Assets\\texture_TreeLeaves-02.jpg' and 'C:\\GitHub\\ArcheryChallenge\\Assets\\texture_TreeLeaves-02.jpg' are the same file
	processing begun of material:  tree_04.Material.001
	Diffuse texture found
	processing begun of mesh:  Leaves.003
		num positions      :  104
		num normals        :  104
		num uvs            :  208
		num uvs2           :  0
		num colors         :  0
		num indices        :  546
	processing begun of mesh:  Leaves.002
		num positions      :  111
		num normals        :  111
		num uvs            :  222
		num uvs2           :  0
		num colors         :  0
		num indices        :  576
	processing begun of mesh:  Leaves.001
		num positions      :  119
		num normals        :  119
		num uvs            :  238
		num uvs2           :  0
		num colors         :  0
		num indices        :  540
	processing begun of mesh:  Leaves
		num positions      :  142
		num normals        :  142
		num uvs            :  284
		num uvs2           :  0
		num colors         :  0
		num indices        :  624
	processing begun of mesh:  Trunk
		num positions      :  366
		num normals        :  366
		num uvs            :  732
		num uvs2           :  0
		num colors         :  0
		num indices        :  1836
	processing begun of camera (FreeCamera):  Camera
	processing begun of light (SUN):  Lamp.001
	processing begun of light (SUN):  Lamp
========= Writing of scene file started =========
========= Writing of scene file completed =========
========= end of processing =========
